<?xml version="1.0" encoding="UTF-8"?>
<!-- Generated by org.testng.reporters.JUnitReportReporter -->
<testsuite hostname="AKSHAY" failures="0" tests="1" name="com.mercury.qa.testcases.FlightFinderTest" time="10.451" errors="0" timestamp="10 Aug 2019 15:19:49 GMT" skipped="0">
  <testcase classname="com.mercury.qa.testcases.FlightFinderTest" name="FlightFinderPageTitleTest" time="10.451"/>
</testsuite> <!-- com.mercury.qa.testcases.FlightFinderTest -->
