<?xml version="1.0" encoding="UTF-8"?>
<!-- Generated by org.testng.reporters.JUnitReportReporter -->
<testsuite hostname="AKSHAY" failures="0" tests="3" name="com.mercury.qa.testcases.RegisterPageTest" time="35.582" errors="0" timestamp="03 Aug 2019 11:00:37 GMT" skipped="0">
  <testcase classname="com.mercury.qa.testcases.RegisterPageTest" name="clickOnRegisterLinkTest" time="10.867"/>
  <testcase classname="com.mercury.qa.testcases.RegisterPageTest" name="validateRegisterPageTitle" time="10.189"/>
  <testcase classname="com.mercury.qa.testcases.RegisterPageTest" name="validateRegisterPageLogo" time="14.526"/>
</testsuite> <!-- com.mercury.qa.testcases.RegisterPageTest -->
