<?xml version="1.0" encoding="UTF-8"?>
<!-- Generated by org.testng.reporters.JUnitReportReporter -->
<testsuite hostname="AKSHAY" failures="0" tests="1" name="com.mercury.qa.testcases.SelectFlightPageTest" time="11.773" errors="0" timestamp="10 Aug 2019 15:19:49 GMT" skipped="0">
  <testcase classname="com.mercury.qa.testcases.SelectFlightPageTest" name="SelectFlightPageTitleTest" time="11.773"/>
</testsuite> <!-- com.mercury.qa.testcases.SelectFlightPageTest -->
