<?xml version="1.0" encoding="UTF-8"?>
<!-- Generated by org.testng.reporters.JUnitReportReporter -->
<testsuite hostname="AKSHAY" failures="0" tests="4" name="com.mercury.qa.testcases.FlightFinderTest" time="47.091" errors="0" timestamp="27 Jul 2019 20:21:25 GMT" skipped="0">
  <testcase classname="com.mercury.qa.testcases.FlightFinderTest" name="FlightFinderPageTitleTest" time="10.558"/>
  <testcase classname="com.mercury.qa.testcases.FlightFinderTest" name="validateFlightFinderLogoTest" time="11.316"/>
  <testcase classname="com.mercury.qa.testcases.FlightFinderTest" name="validateContinueButtonTest" time="13.439"/>
  <testcase classname="com.mercury.qa.testcases.FlightFinderTest" name="clickContinueButtonTest" time="11.778"/>
</testsuite> <!-- com.mercury.qa.testcases.FlightFinderTest -->
