<?xml version="1.0" encoding="UTF-8"?>
<!-- Generated by org.testng.reporters.JUnitReportReporter -->
<testsuite hostname="AKSHAY" failures="0" tests="2" name="com.mercury.qa.testcases.LoginPageTest" time="18.136" errors="0" timestamp="10 Aug 2019 15:19:49 GMT" skipped="0">
  <testcase classname="com.mercury.qa.testcases.LoginPageTest" name="loginPageTitleTest" time="7.119"/>
  <testcase classname="com.mercury.qa.testcases.LoginPageTest" name="loginPageMercuryLogoTest" time="11.017"/>
</testsuite> <!-- com.mercury.qa.testcases.LoginPageTest -->
